<?xml version="1.0" encoding="UTF-8"?>
<testExecutions version="1">
  <file path="C:\Users\Lenovo\Desktop\backup2107\las-api\src\cli.test.js">
  </file>
  <file path="C:\Users\Lenovo\Desktop\backup2107\las-api\src\api-service.test.js">
  </file>
</testExecutions>