<?xml version="1.0" encoding="UTF-8"?>
<testExecutions version="1">
  <file path="C:\Users\Lenovo\Desktop\backup2107\las-api\__tests__\eventos.test.js">
    <testCase name="API De Eventos Listar Eventos" duration="65"/>
    <testCase name="API De Eventos Buscar evento por id existente" duration="13"/>
    <testCase name="API De Eventos Buscar evento por id inexistente" duration="8"/>
    <testCase name="API De Eventos Buscar evento por status Em Andamento" duration="17"/>
    <testCase name="API De Eventos Buscar evento por status Agendado" duration="8"/>
    <testCase name="API De Eventos Buscar evento por status Finalizado" duration="9"/>
    <testCase name="API De Eventos Buscar evento por status Inválido" duration="8"/>
    <testCase name="API De Eventos Valida data: data de início vazia" duration="1"/>
    <testCase name="API De Eventos Valida data: data de fim vazia" duration="0"/>
    <testCase name="API De Eventos Valida data: data de início no passado" duration="1"/>
    <testCase name="API De Eventos Data válida" duration="1"/>
    <testCase name="API De Eventos Data de fim menor que data de início" duration="1"/>
    <testCase name="API De Eventos Excluir Evento" duration="99"/>
    <testCase name="API De Eventos Alterar evento pelo ID valido " duration="69"/>
    <testCase name="API De Eventos Não alterar evento com ID invalido " duration="77"/>
  </file>
  <file path="C:\Users\Lenovo\Desktop\backup2107\las-api\__tests__\index.test.js">
    <testCase name="Página inicial URL Base" duration="110"/>
  </file>
  <file path="C:\Users\Lenovo\Desktop\backup2107\las-api\__tests__\usuarios.test.js">
    <testCase name="API De Usuários Listar usuários" duration="92"/>
    <testCase name="API De Usuários Buscar usuário por id existente" duration="14"/>
    <testCase name="API De Usuários Buscar usuário por id inexistente" duration="10"/>
    <testCase name="API De Usuários Adicionar usuário com dados válidos" duration="73"/>
    <testCase name="API De Usuários Adicionar usuário com dados inválidos" duration="46"/>
    <testCase name="API De Usuários Buscar usuário por nome existente" duration="10"/>
    <testCase name="API De Usuários Buscar usuário por nome inexistente" duration="10"/>
    <testCase name="API De Usuários Excluir Usuário" duration="122"/>
    <testCase name="API De Usuários Alterar senha pelo ID" duration="16"/>
    <testCase name="API De Usuários Alterar contato pelo ID" duration="27"/>
    <testCase name="API De Usuários Alterar usuario pelo ID valido " duration="27"/>
    <testCase name="API De Usuários Não alterar usuario com ID invalido " duration="23"/>
    <testCase name="API De Usuários Alterar endereço pelo ID valido " duration="13"/>
    <testCase name="API De Usuários Não alterar endereço com ID invalido " duration="11"/>
    <testCase name="API De Usuários Não deve achar dados-pessoais pelo ID inexistente" duration="12"/>
  </file>
  <file path="C:\Users\Lenovo\Desktop\backup2107\las-api\__tests__\example.test.js">
    <testCase name="Home URL Base" duration="176"/>
  </file>
  <file path="C:\Users\Lenovo\Desktop\backup2107\las-api\__tests__\tiposVendas.test.js">
    <testCase name="API De Tipos de Vendas Listar Tipos de Vendas" duration="9"/>
    <testCase name="API De Tipos de Vendas Buscar Tipos de vendas por id existente" duration="8"/>
    <testCase name="API De Tipos de Vendas Buscar Tipos de vendas por id inexistente" duration="5"/>
    <testCase name="API De Tipos de Vendas Excluir Tipo de vendas" duration="107"/>
    <testCase name="API De Tipos de Vendas Alterar tipos de venda pelo ID valido " duration="97"/>
    <testCase name="API De Tipos de Vendas Não alterar tipos de venda com ID invalido " duration="16"/>
  </file>
</testExecutions>