<?xml version="1.0" encoding="UTF-8"?>
<testExecutions version="1">
  <file path="C:\Users\Lenovo\Desktop\backup2107\las-api\__tests__\eventos.test.js">
    <testCase name="API De Eventos Listar Eventos" duration="95"/>
    <testCase name="API De Eventos Buscar evento por id existente" duration="18"/>
    <testCase name="API De Eventos Buscar evento por id inexistente" duration="12"/>
    <testCase name="API De Eventos Buscar evento por status Em Andamento" duration="41"/>
    <testCase name="API De Eventos Buscar evento por status Agendado" duration="13"/>
    <testCase name="API De Eventos Buscar evento por status Finalizado" duration="11"/>
    <testCase name="API De Eventos Buscar evento por status Inválido" duration="13"/>
    <testCase name="API De Eventos Valida data: data de início vazia" duration="2"/>
    <testCase name="API De Eventos Valida data: data de fim vazia" duration="1"/>
    <testCase name="API De Eventos Valida data: data de início no passado" duration="2"/>
    <testCase name="API De Eventos Data válida" duration="1"/>
    <testCase name="API De Eventos Data de fim menor que data de início" duration="2"/>
    <testCase name="API De Eventos Excluir Evento existente" duration="10"/>
    <testCase name="API De Eventos Excluir Evento inexistente" duration="10"/>
    <testCase name="API De Eventos Alterar evento pelo ID valido " duration="104"/>
    <testCase name="API De Eventos Não alterar evento com ID invalido " duration="9"/>
  </file>
  <file path="C:\Users\Lenovo\Desktop\backup2107\las-api\__tests__\usuarios.test.js">
    <testCase name="API De Usuários Listar usuários" duration="80"/>
    <testCase name="API De Usuários Buscar usuário por id existente" duration="18"/>
    <testCase name="API De Usuários Buscar usuário por id inexistente" duration="11"/>
    <testCase name="API De Usuários Adicionar usuário com dados válidos" duration="51"/>
    <testCase name="API De Usuários Adicionar usuário com dados inválidos" duration="54"/>
    <testCase name="API De Usuários Buscar usuário por nome existente" duration="23"/>
    <testCase name="API De Usuários Buscar usuário por nome inexistente" duration="11"/>
    <testCase name="API De Usuários Excluir Usuário existente" duration="9"/>
    <testCase name="API De Usuários Excluir Usuário inexistente" duration="8"/>
    <testCase name="API De Usuários Alterar senha pelo ID" duration="51"/>
    <testCase name="API De Usuários Alterar contato pelo ID" duration="12"/>
    <testCase name="API De Usuários Alterar usuario pelo ID valido " duration="10"/>
    <testCase name="API De Usuários Não alterar usuario com ID invalido " duration="11"/>
    <testCase name="API De Usuários Alterar endereço pelo ID valido " duration="9"/>
    <testCase name="API De Usuários Não alterar endereço com ID invalido " duration="9"/>
    <testCase name="API De Usuários Não deve achar dados-pessoais pelo ID inexistente" duration="29"/>
  </file>
  <file path="C:\Users\Lenovo\Desktop\backup2107\las-api\__tests__\tiposVendas.test.js">
    <testCase name="API De Tipos de Vendas Listar Tipos de Vendas" duration="134"/>
    <testCase name="API De Tipos de Vendas Buscar Tipos de vendas por id existente" duration="29"/>
    <testCase name="API De Tipos de Vendas Buscar Tipos de vendas por id inexistente" duration="13"/>
    <testCase name="API De Tipos de Vendas Excluir Tipo de vendas existente" duration="12"/>
    <testCase name="API De Tipos de Vendas Excluir Tipo de vendas inexistente" duration="13"/>
    <testCase name="API De Tipos de Vendas Alterar tipos de venda pelo ID valido " duration="236"/>
    <testCase name="API De Tipos de Vendas Não alterar tipos de venda com ID invalido " duration="17"/>
  </file>
  <file path="C:\Users\Lenovo\Desktop\backup2107\las-api\__tests__\example.test.js">
    <testCase name="Home URL Base" duration="111"/>
  </file>
  <file path="C:\Users\Lenovo\Desktop\backup2107\las-api\__tests__\index.test.js">
    <testCase name="Página inicial URL Base" duration="13"/>
  </file>
</testExecutions>