<?xml version="1.0" encoding="UTF-8"?>
<testExecutions version="1">
  <file path="C:\Users\Lenovo\Desktop\backup2107\las-api\__tests__\eventos.test.js">
    <testCase name="API De Eventos Listar Eventos" duration="223"/>
    <testCase name="API De Eventos Buscar evento por id existente" duration="74"/>
    <testCase name="API De Eventos Buscar evento por id inexistente" duration="42"/>
    <testCase name="API De Eventos Buscar evento por status Em Andamento" duration="87"/>
    <testCase name="API De Eventos Buscar evento por status Agendado" duration="27"/>
    <testCase name="API De Eventos Buscar evento por status Finalizado" duration="34"/>
    <testCase name="API De Eventos Buscar evento por status Inválido" duration="25"/>
    <testCase name="API De Eventos Valida data: data de início vazia" duration="1"/>
    <testCase name="API De Eventos Valida data: data de fim vazia" duration="9"/>
    <testCase name="API De Eventos Valida data: data de início no passado" duration="3"/>
    <testCase name="API De Eventos Data válida" duration="2"/>
    <testCase name="API De Eventos Data de fim menor que data de início" duration="10"/>
    <testCase name="API De Eventos Excluir Evento" duration="205"/>
    <testCase name="API De Eventos Alterar evento pelo ID valido " duration="116"/>
    <testCase name="API De Eventos Não alterar evento com ID invalido " duration="17"/>
  </file>
</testExecutions>