<?xml version="1.0" encoding="UTF-8"?>
<testExecutions version="1">
  <file path="C:\Users\Lenovo\Desktop\backup2107\las-api\__tests__\usuarios.test.js">
    <testCase name="API De Usuários Listar usuários" duration="110"/>
    <testCase name="API De Usuários Buscar usuário por id existente" duration="17"/>
    <testCase name="API De Usuários Buscar usuário por id inexistente" duration="12"/>
    <testCase name="API De Usuários Adicionar usuário com dados válidos" duration="50"/>
    <testCase name="API De Usuários Adicionar usuário com dados inválidos" duration="93"/>
    <testCase name="API De Usuários Buscar usuário por nome existente" duration="11"/>
    <testCase name="API De Usuários Buscar usuário por nome inexistente" duration="20"/>
    <testCase name="API De Usuários Excluir Usuário existente" duration="10"/>
    <testCase name="API De Usuários Excluir Usuário inexistente" duration="11"/>
    <testCase name="API De Usuários Alterar senha pelo ID" duration="9"/>
    <testCase name="API De Usuários Alterar contato pelo ID" duration="10"/>
    <testCase name="API De Usuários Alterar usuario pelo ID valido " duration="9"/>
    <testCase name="API De Usuários Não alterar usuario com ID invalido " duration="8"/>
    <testCase name="API De Usuários Alterar endereço pelo ID valido " duration="10"/>
    <testCase name="API De Usuários Não alterar endereço com ID invalido " duration="10"/>
    <testCase name="API De Usuários Não deve achar dados-pessoais pelo ID inexistente" duration="13"/>
  </file>
  <file path="C:\Users\Lenovo\Desktop\backup2107\las-api\__tests__\tiposVendas.test.js">
    <testCase name="API De Tipos de Vendas Listar Tipos de Vendas" duration="145"/>
    <testCase name="API De Tipos de Vendas Buscar Tipos de vendas por id existente" duration="15"/>
    <testCase name="API De Tipos de Vendas Buscar Tipos de vendas por id inexistente" duration="10"/>
    <testCase name="API De Tipos de Vendas Excluir Tipo de vendas" duration="140"/>
    <testCase name="API De Tipos de Vendas Alterar tipos de venda pelo ID valido " duration="73"/>
    <testCase name="API De Tipos de Vendas Não alterar tipos de venda com ID invalido " duration="16"/>
  </file>
  <file path="C:\Users\Lenovo\Desktop\backup2107\las-api\__tests__\eventos.test.js">
    <testCase name="API De Eventos Listar Eventos" duration="199"/>
    <testCase name="API De Eventos Buscar evento por id existente" duration="23"/>
    <testCase name="API De Eventos Buscar evento por id inexistente" duration="51"/>
    <testCase name="API De Eventos Buscar evento por status Em Andamento" duration="25"/>
    <testCase name="API De Eventos Buscar evento por status Agendado" duration="63"/>
    <testCase name="API De Eventos Buscar evento por status Finalizado" duration="27"/>
    <testCase name="API De Eventos Buscar evento por status Inválido" duration="28"/>
    <testCase name="API De Eventos Valida data: data de início vazia" duration="1"/>
    <testCase name="API De Eventos Valida data: data de fim vazia" duration="1"/>
    <testCase name="API De Eventos Valida data: data de início no passado" duration="2"/>
    <testCase name="API De Eventos Data válida" duration="1"/>
    <testCase name="API De Eventos Data de fim menor que data de início" duration="1"/>
    <testCase name="API De Eventos Excluir Evento existente" duration="10"/>
    <testCase name="API De Eventos Excluir Evento inexistente" duration="9"/>
    <testCase name="API De Eventos Alterar evento pelo ID valido " duration="131"/>
    <testCase name="API De Eventos Não alterar evento com ID invalido " duration="16"/>
  </file>
  <file path="C:\Users\Lenovo\Desktop\backup2107\las-api\__tests__\example.test.js">
    <testCase name="Home URL Base" duration="193"/>
  </file>
  <file path="C:\Users\Lenovo\Desktop\backup2107\las-api\__tests__\index.test.js">
    <testCase name="Página inicial URL Base" duration="9"/>
  </file>
</testExecutions>